2025-01-19 20:05:05,045 [INFO] Activator:176 - 


2025-01-19 20:05:05,050 [INFO] Activator:177 - !SESSION log4j initialized
2025-01-19 20:05:12,064 [INFO] LogOutputStream:77 - [STDOUT_REDIRECT] 
2025-01-19 20:05:13,923 [INFO] ApplicationProperties:184 - Using Application install path: C:\ST\STM32CubeIDE_1.16.1\STM32CubeIDE\plugins\com.st.stm32cube.common.mx_6.13.0.202411220809
2025-01-19 20:05:13,940 [INFO] DbMcusXml:78 - Set database path to: C:\ST\STM32CubeIDE_1.16.1\STM32CubeIDE\plugins\com.st.stm32cube.common.mx_6.13.0.202411220809\\db\/mcu/
2025-01-19 20:05:13,940 [INFO] ApiDb:274 - Set plugin database path to: C:\ST\STM32CubeIDE_1.16.1\STM32CubeIDE\plugins\com.st.stm32cube.common.mx_6.13.0.202411220809\\db\/plugins/boardmanager/
2025-01-19 20:05:13,941 [WARN] ApiDb:259 - Overriding images path with different value:  => C:\ST\STM32CubeIDE_1.16.1\STM32CubeIDE\plugins\com.st.stm32cube.common.mx_6.13.0.202411220809\\db\/plugins/mcufinder/images/
2025-01-19 20:05:13,950 [INFO] ApiDb:250 - Set database path to: C:\Users\Alen\.stmcufinder\plugins\mcufinder//mcu/
2025-01-19 20:05:13,951 [INFO] DbMcusAds:125 - Set database path to: C:\Users\Alen\.stmcufinder\plugins\mcufinder//mcu/
2025-01-19 20:05:13,954 [INFO] CrossReferenceDbSqlite:203 - Set database path to: C:\Users\Alen\.stmcufinder\plugins\mcufinder//mcu/cs/
2025-01-19 20:05:14,067 [INFO] RulesReader:64 - Compatibility file has been processed (297 Rules)
2025-01-19 20:05:14,146 [INFO] DbMcusXml:78 - Set database path to: C:\ST\STM32CubeIDE_1.16.1\STM32CubeIDE\plugins\com.st.stm32cube.common.mx_6.13.0.202411220809\\db\/mcu/
2025-01-19 20:05:14,146 [INFO] ApiDb:274 - Set plugin database path to: C:\ST\STM32CubeIDE_1.16.1\STM32CubeIDE\plugins\com.st.stm32cube.common.mx_6.13.0.202411220809\\db\/plugins/boardmanager/
2025-01-19 20:05:14,146 [INFO] ApiDb:261 - Set plugin images path to: C:\ST\STM32CubeIDE_1.16.1\STM32CubeIDE\plugins\com.st.stm32cube.common.mx_6.13.0.202411220809\\db\/plugins/mcufinder/images/
2025-01-19 20:05:14,146 [WARN] DbFile:41 - Overriding database path with different value: C:\Users\Alen\.stmcufinder\plugins\mcufinder/ => C:\Users\Alen\.stmcufinder\plugins\mcufinder
2025-01-19 20:05:14,146 [INFO] ApiDb:250 - Set database path to: C:\Users\Alen\.stmcufinder\plugins\mcufinder//mcu/
2025-01-19 20:05:14,146 [WARN] DbFile:41 - Overriding database path with different value: C:\Users\Alen\.stmcufinder\plugins\mcufinder/ => C:\Users\Alen\.stmcufinder\plugins\mcufinder
2025-01-19 20:05:14,146 [INFO] DbMcusAds:125 - Set database path to: C:\Users\Alen\.stmcufinder\plugins\mcufinder//mcu/
2025-01-19 20:05:14,146 [WARN] DbFile:41 - Overriding database path with different value: C:\Users\Alen\.stmcufinder\plugins\mcufinder/ => C:\Users\Alen\.stmcufinder\plugins\mcufinder
2025-01-19 20:05:14,146 [WARN] DbFile:41 - Overriding database path with different value: C:\Users\Alen\.stmcufinder\plugins\mcufinder/ => C:\Users\Alen\.stmcufinder\plugins\mcufinder
2025-01-19 20:05:14,147 [INFO] CrossReferenceDbSqlite:203 - Set database path to: C:\Users\Alen\.stmcufinder\plugins\mcufinder//mcu/cs/
2025-01-19 20:05:14,224 [INFO] MainPanel:272 - HeapMemory: 268435456
2025-01-19 20:05:14,342 [INFO] DbMcusXml:78 - Set database path to: C:\ST\STM32CubeIDE_1.16.1\STM32CubeIDE\plugins\com.st.stm32cube.common.mx_6.13.0.202411220809\\db\/mcu/
2025-01-19 20:05:14,342 [INFO] ApiDb:274 - Set plugin database path to: C:\ST\STM32CubeIDE_1.16.1\STM32CubeIDE\plugins\com.st.stm32cube.common.mx_6.13.0.202411220809\\db\/plugins/boardmanager/
2025-01-19 20:05:14,342 [INFO] ApiDb:261 - Set plugin images path to: C:\ST\STM32CubeIDE_1.16.1\STM32CubeIDE\plugins\com.st.stm32cube.common.mx_6.13.0.202411220809\\db\/plugins/mcufinder/images/
2025-01-19 20:05:14,342 [WARN] DbFile:41 - Overriding database path with different value: C:\Users\Alen\.stmcufinder\plugins\mcufinder/ => C:\Users\Alen\.stmcufinder\plugins\mcufinder
2025-01-19 20:05:14,343 [INFO] ApiDb:250 - Set database path to: C:\Users\Alen\.stmcufinder\plugins\mcufinder//mcu/
2025-01-19 20:05:14,343 [WARN] DbFile:41 - Overriding database path with different value: C:\Users\Alen\.stmcufinder\plugins\mcufinder/ => C:\Users\Alen\.stmcufinder\plugins\mcufinder
2025-01-19 20:05:14,343 [INFO] DbMcusAds:125 - Set database path to: C:\Users\Alen\.stmcufinder\plugins\mcufinder//mcu/
2025-01-19 20:05:14,343 [WARN] DbFile:41 - Overriding database path with different value: C:\Users\Alen\.stmcufinder\plugins\mcufinder/ => C:\Users\Alen\.stmcufinder\plugins\mcufinder
2025-01-19 20:05:14,343 [WARN] DbFile:41 - Overriding database path with different value: C:\Users\Alen\.stmcufinder\plugins\mcufinder/ => C:\Users\Alen\.stmcufinder\plugins\mcufinder
2025-01-19 20:05:14,343 [INFO] CrossReferenceDbSqlite:203 - Set database path to: C:\Users\Alen\.stmcufinder\plugins\mcufinder//mcu/cs/
2025-01-19 20:05:14,361 [INFO] ApplicationProperties:184 - Using Application install path: C:\ST\STM32CubeIDE_1.16.1\STM32CubeIDE\plugins\com.st.stm32cube.common.mx_6.13.0.202411220809
2025-01-19 20:05:14,362 [INFO] PluginManage:196 - Search for loadable plugins [exclusion list=, ]
2025-01-19 20:05:14,364 [INFO] PluginManage:310 - Check plugin analytics
2025-01-19 20:05:14,544 [INFO] AnalyticsPlugin:253 - Accepted Software Licenses: 
2025-01-19 20:05:14,544 [INFO] AnalyticsPlugin:255 - Accepted CMSIS Pack Licenses: 
2025-01-19 20:05:14,544 [INFO] AnalyticsPlugin:257 - Accepted Firmware Licenses: FW.F4.1.28.0
2025-01-19 20:05:14,547 [INFO] PluginManage:359 - Loaded plugin analytics (category:tool,tabindex:-1)
2025-01-19 20:05:14,548 [INFO] PluginManage:310 - Check plugin cadmodel
2025-01-19 20:05:14,572 [INFO] CADModel:105 - Init CAD model plugin
2025-01-19 20:05:14,572 [INFO] PluginManage:359 - Loaded plugin cadmodel (category:power,tabindex:5)
2025-01-19 20:05:14,573 [INFO] PluginManage:310 - Check plugin clock
2025-01-19 20:05:14,598 [INFO] PluginManage:359 - Loaded plugin clock (category:base,tabindex:2)
2025-01-19 20:05:14,599 [INFO] PluginManage:310 - Check plugin ddr
2025-01-19 20:05:14,602 [INFO] PluginManage:359 - Loaded plugin ddr (category:tool,tabindex:6)
2025-01-19 20:05:14,602 [INFO] PluginManage:310 - Check plugin filemanager
2025-01-19 20:05:14,769 [INFO] PluginManage:359 - Loaded plugin filemanager (category:base,tabindex:10)
2025-01-19 20:05:14,769 [INFO] PluginManage:310 - Check plugin ipmanager
2025-01-19 20:05:14,777 [INFO] PluginManage:359 - Loaded plugin ipmanager (category:base,tabindex:5)
2025-01-19 20:05:14,777 [INFO] PluginManage:310 - Check plugin lpbam
2025-01-19 20:05:14,801 [INFO] PluginManage:359 - Loaded plugin lpbam (category:base,tabindex:0)
2025-01-19 20:05:14,801 [INFO] PluginManage:310 - Check plugin memorymap
2025-01-19 20:05:14,833 [INFO] PluginManage:359 - Loaded plugin memorymap (category:base,tabindex:4)
2025-01-19 20:05:14,833 [INFO] PluginManage:310 - Check plugin pinoutandconfiguration
2025-01-19 20:05:14,856 [INFO] PluginManage:359 - Loaded plugin pinoutandconfiguration (category:base,tabindex:1)
2025-01-19 20:05:14,856 [INFO] PluginManage:310 - Check plugin pinoutconfig
2025-01-19 20:05:14,966 [WARN] SupportedApi:132 - Cannot load RTOS API schema: s4s-elt-must-match.1: The content of 'definitions' must match (annotation?, (simpleType | complexType)?, (unique | key | keyref)*)). A problem was found starting at: attribute.
2025-01-19 20:05:15,173 [INFO] PluginManage:359 - Loaded plugin pinoutconfig (category:base,tabindex:0)
2025-01-19 20:05:15,174 [INFO] PluginManage:310 - Check plugin power
2025-01-19 20:05:15,205 [INFO] PluginManage:359 - Loaded plugin power (category:power,tabindex:4)
2025-01-19 20:05:15,205 [INFO] PluginManage:310 - Check plugin projectmanager
2025-01-19 20:05:15,222 [INFO] PluginManage:359 - Loaded plugin projectmanager (category:projectmanager,tabindex:4)
2025-01-19 20:05:15,224 [INFO] PluginManage:310 - Check plugin rif
2025-01-19 20:05:15,248 [INFO] PluginManage:359 - Loaded plugin rif (category:base,tabindex:3)
2025-01-19 20:05:15,250 [INFO] PluginManage:310 - Check plugin thirdparty
2025-01-19 20:05:15,603 [INFO] PluginManage:359 - Loaded plugin thirdparty (category:base,tabindex:-1)
2025-01-19 20:05:15,603 [INFO] PluginManage:310 - Check plugin tools
2025-01-19 20:05:15,603 [WARN] IntegrityCheckThread:84 - waiting for thirdparty lock release [integrity check]
2025-01-19 20:05:15,603 [INFO] IntegrityCheckThread:86 - entering critical section [integrity check]
2025-01-19 20:05:15,604 [INFO] ThirdPartyUpdaterWithRetryManager:70 - Updater plugin not ready yet. [1/15]
2025-01-19 20:05:15,661 [INFO] PluginManage:359 - Loaded plugin tools (category:base,tabindex:7)
2025-01-19 20:05:15,661 [INFO] PluginManage:310 - Check plugin tutovideos
2025-01-19 20:05:15,902 [INFO] PluginManage:359 - Loaded plugin tutovideos (category:base,tabindex:-1)
2025-01-19 20:05:15,903 [INFO] PluginManage:310 - Check plugin updater
2025-01-19 20:05:15,925 [INFO] PluginManage:359 - Loaded plugin updater (category:base,tabindex:12)
2025-01-19 20:05:15,926 [INFO] PluginManage:310 - Check plugin userauth
2025-01-19 20:05:15,931 [INFO] UserAuth:118 - Init User Auth plugin
2025-01-19 20:05:15,931 [INFO] PluginManage:359 - Loaded plugin userauth (category:base,tabindex:14)
2025-01-19 20:05:15,932 [INFO] PluginManage:283 - PluginManage : Loaded plugins [18]
2025-01-19 20:05:16,187 [INFO] PinOutPanel:1589 - setPackage(No Configuration,No Configuration)
2025-01-19 20:05:16,276 [INFO] CADModel:165 - CPN selected for project level
2025-01-19 20:05:16,276 [INFO] CADModel:114 - Register for checkConnection events
2025-01-19 20:05:16,308 [INFO] IPUIPlugin:80 - create IPUIPlugin
2025-01-19 20:05:16,308 [INFO] PluginManager:220 - loadIPPluginJar : add adc
2025-01-19 20:05:16,363 [INFO] IPUIPlugin:80 - create IPUIPlugin
2025-01-19 20:05:16,363 [INFO] PluginManager:220 - loadIPPluginJar : add aes
2025-01-19 20:05:16,421 [INFO] IPUIPlugin:80 - create IPUIPlugin
2025-01-19 20:05:16,421 [INFO] PluginManager:220 - loadIPPluginJar : add can
2025-01-19 20:05:16,456 [INFO] IPUIPlugin:80 - create IPUIPlugin
2025-01-19 20:05:16,457 [INFO] PluginManager:220 - loadIPPluginJar : add comp
2025-01-19 20:05:16,500 [INFO] IPUIPlugin:80 - create IPUIPlugin
2025-01-19 20:05:16,500 [INFO] PluginManager:220 - loadIPPluginJar : add cryp
2025-01-19 20:05:16,516 [INFO] IPUIPlugin:80 - create IPUIPlugin
2025-01-19 20:05:16,516 [INFO] PluginManager:220 - loadIPPluginJar : add ddr_ctrl_phy
2025-01-19 20:05:16,553 [INFO] IPUIPlugin:80 - create IPUIPlugin
2025-01-19 20:05:16,554 [INFO] PluginManager:220 - loadIPPluginJar : add dfsdm
2025-01-19 20:05:16,570 [INFO] IPUIPlugin:80 - create IPUIPlugin
2025-01-19 20:05:16,570 [INFO] PluginManager:220 - loadIPPluginJar : add dma
2025-01-19 20:05:16,609 [INFO] IPUIPlugin:80 - create IPUIPlugin
2025-01-19 20:05:16,609 [INFO] PluginManager:220 - loadIPPluginJar : add dma3
2025-01-19 20:05:16,654 [INFO] IPUIPlugin:80 - create IPUIPlugin
2025-01-19 20:05:16,654 [INFO] PluginManager:220 - loadIPPluginJar : add extmemmanager
2025-01-19 20:05:16,674 [INFO] IPUIPlugin:80 - create IPUIPlugin
2025-01-19 20:05:16,674 [INFO] PluginManager:220 - loadIPPluginJar : add fatfs
2025-01-19 20:05:16,718 [INFO] IPUIPlugin:80 - create IPUIPlugin
2025-01-19 20:05:16,718 [INFO] PluginManager:220 - loadIPPluginJar : add fmc
2025-01-19 20:05:16,735 [INFO] IPUIPlugin:80 - create IPUIPlugin
2025-01-19 20:05:16,735 [INFO] PluginManager:220 - loadIPPluginJar : add freertos
2025-01-19 20:05:16,758 [INFO] IPUIPlugin:80 - create IPUIPlugin
2025-01-19 20:05:16,758 [INFO] PluginManager:220 - loadIPPluginJar : add genericplugin
2025-01-19 20:05:16,844 [INFO] IPUIPlugin:80 - create IPUIPlugin
2025-01-19 20:05:16,844 [INFO] PluginManager:220 - loadIPPluginJar : add gfxmmu
2025-01-19 20:05:16,957 [INFO] IPUIPlugin:80 - create IPUIPlugin
2025-01-19 20:05:16,957 [INFO] PluginManager:220 - loadIPPluginJar : add gic
2025-01-19 20:05:16,971 [INFO] IPUIPlugin:80 - create IPUIPlugin
2025-01-19 20:05:16,971 [INFO] PluginManager:220 - loadIPPluginJar : add gpio
2025-01-19 20:05:17,084 [INFO] IPUIPlugin:80 - create IPUIPlugin
2025-01-19 20:05:17,085 [INFO] PluginManager:220 - loadIPPluginJar : add gtzc
2025-01-19 20:05:17,123 [INFO] IPUIPlugin:80 - create IPUIPlugin
2025-01-19 20:05:17,123 [INFO] PluginManager:220 - loadIPPluginJar : add hash
2025-01-19 20:05:17,175 [INFO] IPUIPlugin:80 - create IPUIPlugin
2025-01-19 20:05:17,175 [INFO] PluginManager:220 - loadIPPluginJar : add i2c
2025-01-19 20:05:17,217 [INFO] IPUIPlugin:80 - create IPUIPlugin
2025-01-19 20:05:17,218 [INFO] PluginManager:220 - loadIPPluginJar : add i2s
2025-01-19 20:05:17,261 [INFO] IPUIPlugin:80 - create IPUIPlugin
2025-01-19 20:05:17,261 [INFO] PluginManager:220 - loadIPPluginJar : add i3c
2025-01-19 20:05:17,368 [INFO] IPUIPlugin:80 - create IPUIPlugin
2025-01-19 20:05:17,368 [INFO] PluginManager:220 - loadIPPluginJar : add ipddr
2025-01-19 20:05:17,465 [INFO] IPUIPlugin:80 - create IPUIPlugin
2025-01-19 20:05:17,465 [INFO] PluginManager:220 - loadIPPluginJar : add linkedlist
2025-01-19 20:05:17,506 [INFO] IPUIPlugin:80 - create IPUIPlugin
2025-01-19 20:05:17,506 [INFO] PluginManager:220 - loadIPPluginJar : add lorawan
2025-01-19 20:05:17,545 [INFO] IPUIPlugin:80 - create IPUIPlugin
2025-01-19 20:05:17,545 [INFO] PluginManager:220 - loadIPPluginJar : add ltdc
2025-01-19 20:05:17,562 [INFO] IPUIPlugin:80 - create IPUIPlugin
2025-01-19 20:05:17,562 [INFO] PluginManager:220 - loadIPPluginJar : add mdma
2025-01-19 20:05:17,576 [INFO] IPUIPlugin:80 - create IPUIPlugin
2025-01-19 20:05:17,576 [INFO] PluginManager:220 - loadIPPluginJar : add nvic
2025-01-19 20:05:17,615 [INFO] IPUIPlugin:80 - create IPUIPlugin
2025-01-19 20:05:17,615 [INFO] PluginManager:220 - loadIPPluginJar : add opamp
2025-01-19 20:05:17,678 [INFO] IPUIPlugin:80 - create IPUIPlugin
2025-01-19 20:05:17,678 [INFO] PluginManager:220 - loadIPPluginJar : add openamp
2025-01-19 20:05:17,720 [INFO] IPUIPlugin:80 - create IPUIPlugin
2025-01-19 20:05:17,720 [INFO] PluginManager:220 - loadIPPluginJar : add pdm2pcm
2025-01-19 20:05:17,734 [INFO] IPUIPlugin:80 - create IPUIPlugin
2025-01-19 20:05:17,736 [INFO] PluginManager:220 - loadIPPluginJar : add plateformsettings
2025-01-19 20:05:17,759 [INFO] IPUIPlugin:80 - create IPUIPlugin
2025-01-19 20:05:17,759 [INFO] PluginManager:220 - loadIPPluginJar : add quadspi
2025-01-19 20:05:17,787 [INFO] IPUIPlugin:80 - create IPUIPlugin
2025-01-19 20:05:17,787 [INFO] PluginManager:220 - loadIPPluginJar : add radio
2025-01-19 20:05:17,802 [INFO] IPUIPlugin:80 - create IPUIPlugin
2025-01-19 20:05:17,803 [INFO] PluginManager:220 - loadIPPluginJar : add resmgrutility
2025-01-19 20:05:17,846 [INFO] IPUIPlugin:80 - create IPUIPlugin
2025-01-19 20:05:17,847 [INFO] PluginManager:220 - loadIPPluginJar : add sai
2025-01-19 20:05:17,886 [INFO] IPUIPlugin:80 - create IPUIPlugin
2025-01-19 20:05:17,886 [INFO] PluginManager:220 - loadIPPluginJar : add spi
2025-01-19 20:05:17,951 [INFO] IPUIPlugin:80 - create IPUIPlugin
2025-01-19 20:05:17,951 [INFO] PluginManager:220 - loadIPPluginJar : add stm32_wpan
2025-01-19 20:05:17,977 [INFO] IPUIPlugin:80 - create IPUIPlugin
2025-01-19 20:05:17,977 [INFO] PluginManager:220 - loadIPPluginJar : add tim
2025-01-19 20:05:18,035 [INFO] IPUIPlugin:80 - create IPUIPlugin
2025-01-19 20:05:18,035 [INFO] PluginManager:220 - loadIPPluginJar : add touchsensing
2025-01-19 20:05:18,064 [INFO] IPUIPlugin:80 - create IPUIPlugin
2025-01-19 20:05:18,064 [INFO] PluginManager:220 - loadIPPluginJar : add tracer_emb
2025-01-19 20:05:18,100 [INFO] IPUIPlugin:80 - create IPUIPlugin
2025-01-19 20:05:18,101 [INFO] PluginManager:220 - loadIPPluginJar : add ts
2025-01-19 20:05:18,129 [INFO] IPUIPlugin:80 - create IPUIPlugin
2025-01-19 20:05:18,130 [INFO] PluginManager:220 - loadIPPluginJar : add tsc
2025-01-19 20:05:18,161 [INFO] IPUIPlugin:80 - create IPUIPlugin
2025-01-19 20:05:18,161 [INFO] PluginManager:220 - loadIPPluginJar : add ucpd
2025-01-19 20:05:18,220 [INFO] IPUIPlugin:80 - create IPUIPlugin
2025-01-19 20:05:18,220 [INFO] PluginManager:220 - loadIPPluginJar : add usart
2025-01-19 20:05:18,279 [INFO] IPUIPlugin:80 - create IPUIPlugin
2025-01-19 20:05:18,279 [INFO] PluginManager:220 - loadIPPluginJar : add usbx
2025-01-19 20:05:18,417 [FATAL] Updater:351 - Updater called before beeing initialized
2025-01-19 20:05:18,437 [INFO] RulesReader:64 - Compatibility file has been processed (297 Rules)
2025-01-19 20:05:18,446 [INFO] RulesReader:64 - Compatibility file has been processed (297 Rules)
2025-01-19 20:05:18,453 [INFO] CADModel:165 - CPN selected for project level
2025-01-19 20:05:18,453 [INFO] CADModel:114 - Register for checkConnection events
2025-01-19 20:05:18,453 [FATAL] Updater:351 - Updater called before beeing initialized
2025-01-19 20:05:18,454 [ERROR] CADModel:125 - Updater not yet initialized, retry later 
2025-01-19 20:05:18,605 [INFO] ThirdPartyUpdaterWithRetryManager:70 - Updater plugin not ready yet. [2/15]
2025-01-19 20:05:18,620 [FATAL] Updater:351 - Updater called before beeing initialized
2025-01-19 20:05:18,622 [INFO] CADModel:165 - CPN selected for project level
2025-01-19 20:05:18,622 [INFO] CADModel:114 - Register for checkConnection events
2025-01-19 20:05:18,622 [FATAL] Updater:351 - Updater called before beeing initialized
2025-01-19 20:05:18,622 [ERROR] CADModel:125 - Updater not yet initialized, retry later 
2025-01-19 20:05:18,626 [FATAL] Updater:351 - Updater called before beeing initialized
2025-01-19 20:05:18,744 [FATAL] Updater:351 - Updater called before beeing initialized
2025-01-19 20:05:18,754 [INFO] DbMcusAds:53 - JSON generation date=Tue Dec 17 17:01:15 CET 2024 (1734451275143)
2025-01-19 20:05:18,754 [FATAL] Updater:351 - Updater called before beeing initialized
2025-01-19 20:05:18,791 [WARN] DetailPanel:346 - Failed to get advertising image, set to default
2025-01-19 20:05:18,980 [FATAL] Updater:351 - Updater called before beeing initialized
2025-01-19 20:05:18,982 [FATAL] Updater:351 - Updater called before beeing initialized
2025-01-19 20:05:18,982 [FATAL] Updater:351 - Updater called before beeing initialized
2025-01-19 20:05:18,982 [WARN] DetailPanel:346 - Failed to get advertising image, set to default
2025-01-19 20:05:18,983 [FATAL] Updater:351 - Updater called before beeing initialized
2025-01-19 20:05:19,032 [ERROR] Updater:1198 - MainUpdater not yet initialized. External WinMGr cannot be set.
2025-01-19 20:05:19,042 [INFO] Updater:1134 - Updater Version found : 6.13.0
2025-01-19 20:05:19,059 [INFO] ApplicationProperties:184 - Using Application install path: C:\ST\STM32CubeIDE_1.16.1\STM32CubeIDE\plugins\com.st.stm32cube.common.mx_6.13.0.202411220809
2025-01-19 20:05:20,640 [ERROR] LogOutputStream:75 - [STDERR_REDIRECT] Jan 19, 2025 8:05:20 PM java.util.prefs.WindowsPreferences <init>
2025-01-19 20:05:20,641 [ERROR] LogOutputStream:75 - [STDERR_REDIRECT] WARNING: Could not open/create prefs root node Software\JavaSoft\Prefs at root 0xffffffff80000002. Windows RegCreateKeyEx(...) returned error code 5.
2025-01-19 20:05:20,641 [ERROR] LogOutputStream:75 - [STDERR_REDIRECT] 
2025-01-19 20:05:21,033 [INFO] MainUpdater:2872 - connection check result : 10
2025-01-19 20:05:21,034 [INFO] MainUpdater:289 - Updater Check For Update Now.
2025-01-19 20:05:21,035 [INFO] MicroXplorer:498 - Change Database Version : DB.6.0.130
2025-01-19 20:05:21,052 [INFO] McuFinderGlobals:63 - Set McuFinder mode to 2 (CubeIDE integrated)
2025-01-19 20:05:21,059 [INFO] UserAuth:486 - Internet connection configuration mode: 1
2025-01-19 20:05:21,086 [INFO] JxBrowserEngine:152 - Initiate JxBrowser Engine with user profile folder
2025-01-19 20:05:21,262 [INFO] CheckServerUpdateThread:120 - End of CheckServer Thread
2025-01-19 20:05:21,948 [WARN] PackLoader:240 - Cannot read IP mode file for STMicroelectronics.FP-SNS-MOTENVWB1.1.4.0
2025-01-19 20:05:21,972 [WARN] PackLoader:240 - Cannot read IP mode file for STMicroelectronics.FP-ATR-ASTRA1.2.0.1
2025-01-19 20:05:21,997 [WARN] PackLoader:240 - Cannot read IP mode file for STMicroelectronics.X-CUBE-SMBUS.2.1.0
2025-01-19 20:05:22,022 [WARN] PackLoader:240 - Cannot read IP mode file for STMicroelectronics.X-CUBE-WB05N.1.1.0
2025-01-19 20:05:22,074 [WARN] PackLoader:240 - Cannot read IP mode file for STMicroelectronics.X-CUBE-AZRTOS-F7.1.1.0
2025-01-19 20:05:22,179 [WARN] PackLoader:240 - Cannot read IP mode file for STMicroelectronics.X-CUBE-MEMS1.11.0.0
2025-01-19 20:05:22,228 [INFO] WebApp:168 - Instantiating new browser for Auth
2025-01-19 20:05:22,342 [WARN] PackLoader:240 - Cannot read IP mode file for STMicroelectronics.FP-SNS-FLIGHT1.5.0.2
2025-01-19 20:05:22,377 [WARN] PackLoader:240 - Cannot read IP mode file for STMicroelectronics.X-CUBE-DISPLAY.3.0.0
2025-01-19 20:05:22,409 [WARN] PackLoader:240 - Cannot read IP mode file for STMicroelectronics.X-CUBE-BLE1.7.0.0
2025-01-19 20:05:22,435 [WARN] PackLoader:240 - Cannot read IP mode file for STMicroelectronics.X-CUBE-NFC10.1.0.0
2025-01-19 20:05:22,472 [WARN] PackLoader:240 - Cannot read IP mode file for STMicroelectronics.X-CUBE-BLEMGR.4.0.0
2025-01-19 20:05:22,501 [WARN] PackLoader:240 - Cannot read IP mode file for emotas.I-CUBE-CANOPEN.1.3.0
2025-01-19 20:05:22,524 [WARN] PackLoader:240 - Cannot read IP mode file for STMicroelectronics.X-CUBE-BLEMGR.3.1.0
2025-01-19 20:05:22,543 [WARN] PackLoader:240 - Cannot read IP mode file for STMicroelectronics.FP-SNS-SMARTAG2.1.2.0
2025-01-19 20:05:22,604 [WARN] PackLoader:240 - Cannot read IP mode file for STMicroelectronics.X-CUBE-MEMS1.11.1.0
2025-01-19 20:05:22,716 [INFO] LogOutputStream:77 - [STDOUT_REDIRECT] 1 : Invalid condition id : UX_CORESTACK_Condition cause : null
2025-01-19 20:05:22,717 [INFO] LogOutputStream:77 - [STDOUT_REDIRECT] 1 : Invalid condition id : UX_CORESTACK_Condition cause : null
2025-01-19 20:05:22,718 [INFO] LogOutputStream:77 - [STDOUT_REDIRECT] 1 : Invalid condition id : UX_CORESTACK_Condition cause : null
2025-01-19 20:05:22,720 [INFO] LogOutputStream:77 - [STDOUT_REDIRECT] 1 : Invalid condition id : UX_CORESTACK_Condition cause : null
2025-01-19 20:05:22,722 [INFO] LogOutputStream:77 - [STDOUT_REDIRECT] 1 : Invalid condition id : UX_CORESTACK_Condition cause : null
2025-01-19 20:05:22,724 [WARN] PackLoader:240 - Cannot read IP mode file for STMicroelectronics.X-CUBE-AZRTOS-WL.2.0.0
2025-01-19 20:05:22,747 [WARN] PackLoader:240 - Cannot read IP mode file for STMicroelectronics.FP-SNS-MOTENV1.5.0.0
2025-01-19 20:05:22,768 [WARN] PackLoader:240 - Cannot read IP mode file for wolfSSL.I-CUBE-wolfMQTT.1.19.0
2025-01-19 20:05:22,791 [WARN] PackLoader:240 - Cannot read IP mode file for WES.I-CUBE-Cesium.1.3.0
2025-01-19 20:05:22,814 [WARN] PackLoader:240 - Cannot read IP mode file for STMicroelectronics.X-CUBE-BLE2.3.3.0
2025-01-19 20:05:22,840 [WARN] PackLoader:240 - Cannot read IP mode file for STMicroelectronics.X-CUBE-NFC9.1.0.0
2025-01-19 20:05:22,861 [WARN] PackLoader:240 - Cannot read IP mode file for STMicroelectronics.X-CUBE-TCPP.4.1.0
2025-01-19 20:05:22,897 [WARN] PackLoader:240 - Cannot read IP mode file for STMicroelectronics.X-CUBE-AZRTOS-G0.1.1.0
2025-01-19 20:05:22,927 [WARN] PackLoader:240 - Cannot read IP mode file for STMicroelectronics.X-CUBE-SAFEA1.1.2.2
2025-01-19 20:05:22,952 [WARN] PackLoader:240 - Cannot read IP mode file for STMicroelectronics.X-CUBE-NFC4.3.0.0
2025-01-19 20:05:22,984 [WARN] PackLoader:240 - Cannot read IP mode file for EmbeddedOffice.I-CUBE-FS-RTOS.1.0.1
2025-01-19 20:05:23,003 [WARN] PackLoader:240 - Cannot read IP mode file for STMicroelectronics.X-CUBE-TCPP.4.2.0
2025-01-19 20:05:23,027 [WARN] PackLoader:240 - Cannot read IP mode file for RealThread.X-CUBE-RT-Thread_Nano.4.1.1
2025-01-19 20:05:23,046 [WARN] PackLoader:240 - Cannot read IP mode file for STMicroelectronics.FP-ATR-SIGFOX1.3.2.0
2025-01-19 20:05:23,068 [WARN] PackLoader:240 - Cannot read IP mode file for wolfSSL.I-CUBE-wolfSSL.5.7.2
2025-01-19 20:05:23,089 [WARN] ConditionMgr:438 - getConditionDescription Invalid condition id : Cortex-A Device cause : null
2025-01-19 20:05:23,122 [WARN] ConditionMgr:1044 - genDependencies : Invalid condition id : Cortex-A Device cause : null
2025-01-19 20:05:23,122 [WARN] ConditionMgr:1044 - genDependencies : Invalid condition id : Cortex-A Device cause : null
2025-01-19 20:05:23,122 [WARN] ConditionMgr:1044 - genDependencies : Invalid condition id : Cortex-A Device cause : null
2025-01-19 20:05:23,145 [WARN] PackLoader:240 - Cannot read IP mode file for STMicroelectronics.X-CUBE-EEPRMA1.5.1.0
2025-01-19 20:05:23,170 [WARN] PackLoader:240 - Cannot read IP mode file for ITTIA_DB.I-CUBE-ITTIADB.8.9.0
2025-01-19 20:05:23,212 [WARN] PackLoader:240 - Cannot read IP mode file for SEGGER.I-CUBE-embOS.1.3.1
2025-01-19 20:05:23,221 [INFO] WebApp:449 - Apply proxy settings
2025-01-19 20:05:23,221 [INFO] WebApp:534 - Chromium requires no authentication
2025-01-19 20:05:23,235 [INFO] WebApp:477 - Direct internet connection detected
2025-01-19 20:05:23,261 [WARN] PackLoader:240 - Cannot read IP mode file for STMicroelectronics.X-CUBE-ALGOBUILD.1.4.0
2025-01-19 20:05:23,270 [INFO] WebApp:880 - Register for checkConnection events
2025-01-19 20:05:23,270 [INFO] WebApp:449 - Apply proxy settings
2025-01-19 20:05:23,270 [INFO] WebApp:534 - Chromium requires no authentication
2025-01-19 20:05:23,271 [INFO] WebApp:477 - Direct internet connection detected
2025-01-19 20:05:23,282 [WARN] PackLoader:240 - Cannot read IP mode file for STMicroelectronics.X-CUBE-AI.9.1.0
2025-01-19 20:05:23,315 [WARN] PackLoader:240 - Cannot read IP mode file for STMicroelectronics.X-CUBE-AZRTOS-F4.1.1.0
2025-01-19 20:05:23,337 [WARN] PackLoader:240 - Cannot read IP mode file for STMicroelectronics.X-CUBE-ISPU.2.1.0
2025-01-19 20:05:23,358 [WARN] PackLoader:240 - Cannot read IP mode file for STMicroelectronics.X-CUBE-FREERTOS.1.2.0
2025-01-19 20:05:23,395 [WARN] PackLoader:240 - Cannot read IP mode file for STMicroelectronics.X-CUBE-AZRTOS-L5.2.0.0
2025-01-19 20:05:23,432 [WARN] PackLoader:240 - Cannot read IP mode file for STMicroelectronics.X-CUBE-NFC6.3.1.0
2025-01-19 20:05:23,459 [WARN] PackLoader:240 - Cannot read IP mode file for STMicroelectronics.X-CUBE-DPower.1.2.0
2025-01-19 20:05:23,484 [WARN] PackLoader:240 - Cannot read IP mode file for STMicroelectronics.X-CUBE-FREERTOS.1.3.0
2025-01-19 20:05:23,510 [WARN] PackLoader:240 - Cannot read IP mode file for STMicroelectronics.X-CUBE-NFC7.1.0.1
2025-01-19 20:05:23,553 [WARN] ConditionMgr:438 - getConditionDescription Invalid condition id : LAN8742 Phy interface Condition cause : null
2025-01-19 20:05:23,554 [WARN] PackLoader:240 - Cannot read IP mode file for STMicroelectronics.X-CUBE-AZRTOS-L4.2.0.0
2025-01-19 20:05:23,554 [WARN] ConditionMgr:1044 - genDependencies : Invalid condition id : LAN8742 Phy interface Condition cause : null
2025-01-19 20:05:23,554 [WARN] ConditionMgr:1044 - genDependencies : Invalid condition id : LAN8742 Phy interface Condition cause : null
2025-01-19 20:05:23,556 [WARN] ConditionMgr:1044 - genDependencies : Invalid condition id : LAN8742 Phy interface Condition cause : null
2025-01-19 20:05:23,577 [WARN] PackLoader:240 - Cannot read IP mode file for STMicroelectronics.X-CUBE-SFXS2LP1.4.0.0
2025-01-19 20:05:23,605 [INFO] WebApp:221 - Starting web application
2025-01-19 20:05:23,606 [INFO] WebApp:579 - Web application path used C:\ST\STM32CubeIDE_1.16.1\STM32CubeIDE\plugins\com.st.stm32cube.common.mx_6.13.0.202411220809\db\plugins\mcufinder\reactClient1\index.html
2025-01-19 20:05:23,626 [WARN] PackLoader:240 - Cannot read IP mode file for STMicroelectronics.X-CUBE-AZRTOS-H7.3.3.0
2025-01-19 20:05:23,650 [WARN] PackLoader:240 - Cannot read IP mode file for STMicroelectronics.X-CUBE-IPS.3.0.0
2025-01-19 20:05:23,681 [WARN] ConditionMgr:438 - getConditionDescription Invalid condition id : UX DEVICE CLASS RTOS Condition cause : null
2025-01-19 20:05:23,681 [WARN] ConditionMgr:438 - getConditionDescription Invalid condition id : UX DEVICE CLASS RTOS Condition cause : null
2025-01-19 20:05:23,682 [WARN] PackLoader:240 - Cannot read IP mode file for STMicroelectronics.X-CUBE-AZRTOS-WB.2.0.0
2025-01-19 20:05:23,682 [WARN] ConditionMgr:1044 - genDependencies : Invalid condition id : UX DEVICE CLASS RTOS Condition cause : null
2025-01-19 20:05:23,682 [WARN] ConditionMgr:1044 - genDependencies : Invalid condition id : UX DEVICE CLASS RTOS Condition cause : null
2025-01-19 20:05:23,684 [WARN] ConditionMgr:1044 - genDependencies : Invalid condition id : UX DEVICE CLASS RTOS Condition cause : null
2025-01-19 20:05:23,684 [WARN] ConditionMgr:1044 - genDependencies : Invalid condition id : UX DEVICE CLASS RTOS Condition cause : null
2025-01-19 20:05:23,684 [WARN] ConditionMgr:1044 - genDependencies : Invalid condition id : UX DEVICE CLASS RTOS Condition cause : null
2025-01-19 20:05:23,704 [WARN] PackLoader:240 - Cannot read IP mode file for STMicroelectronics.X-CUBE-GNSS1.7.0.0
2025-01-19 20:05:23,724 [WARN] PackLoader:240 - Cannot read IP mode file for STMicroelectronics.X-CUBE-GNSS1.7.0.1
2025-01-19 20:05:23,745 [WARN] PackLoader:240 - Cannot read IP mode file for STMicroelectronics.FP-SNS-STBOX1.2.0.0
2025-01-19 20:05:23,771 [WARN] PackLoader:240 - Cannot read IP mode file for STMicroelectronics.X-CUBE-SUBG2.5.0.0
2025-01-19 20:05:23,796 [WARN] PackLoader:240 - Cannot read IP mode file for Cesanta.I-CUBE-Mongoose.7.13.0
2025-01-19 20:05:23,816 [INFO] UserAuth:486 - Internet connection configuration mode: 1
2025-01-19 20:05:23,834 [WARN] PackLoader:240 - Cannot read IP mode file for STMicroelectronics.X-CUBE-AZRTOS-G4.2.0.0
2025-01-19 20:05:23,869 [WARN] PackLoader:240 - Cannot read IP mode file for STMicroelectronics.X-CUBE-IPS.3.1.0
2025-01-19 20:05:23,893 [WARN] PackLoader:240 - Cannot read IP mode file for STMicroelectronics.X-CUBE-ALS.1.0.2
2025-01-19 20:05:23,917 [WARN] PackLoader:240 - Cannot read IP mode file for STMicroelectronics.X-CUBE-TOUCHGFX.4.24.2
2025-01-19 20:05:23,939 [WARN] PackLoader:240 - Cannot read IP mode file for STMicroelectronics.X-CUBE-TOUCHGFX.4.24.1
2025-01-19 20:05:23,963 [WARN] PackLoader:240 - Cannot read IP mode file for wolfSSL.I-CUBE-wolfTPM.3.4.0
2025-01-19 20:05:23,964 [INFO] WebApp:187 - Connection restablished
2025-01-19 20:05:23,986 [WARN] PackLoader:240 - Cannot read IP mode file for portGmbH.I-Cube-SoM-uGOAL.1.1.0
2025-01-19 20:05:24,029 [WARN] PackLoader:240 - Cannot read IP mode file for STMicroelectronics.X-CUBE-AZRTOS-H7RS.1.0.0
2025-01-19 20:05:24,052 [WARN] PackLoader:240 - Cannot read IP mode file for STMicroelectronics.FP-ATR-ASTRA1.2.0.0
2025-01-19 20:05:24,080 [WARN] PackLoader:240 - Cannot read IP mode file for STMicroelectronics.X-CUBE-TOF1.3.4.2
2025-01-19 20:05:24,134 [WARN] PackLoader:240 - Cannot read IP mode file for Infineon.AIROC-Wi-Fi-Bluetooth-STM32.1.6.1
2025-01-19 20:05:24,157 [WARN] PackLoader:240 - Cannot read IP mode file for wolfSSL.I-CUBE-wolfSSH.1.4.17
2025-01-19 20:05:24,157 [INFO] ThirdParty:978 - Integrity check success = true
2025-01-19 20:05:24,158 [INFO] IntegrityCheckThread:100 - exiting critical section [integrity check]
2025-01-19 20:05:24,158 [INFO] IntegrityCheckThread:103 - End integrity checks thread
